16:06:29.259 [INFO ] :: In Start of LoginLogout() method 
16:06:29.259 [INFO ] **********Start open application************ 
16:06:29.261 [DEBUG] Executing: get [9919ee5f-8161-4542-9e5f-6d3fb092b40f, get {url=https://www.myhealth.va.gov/mhv-portal-web/	}] 
16:06:33.385 [DEBUG] Executed: [9919ee5f-8161-4542-9e5f-6d3fb092b40f, get {url=https://www.myhealth.va.gov/mhv-portal-web/	}] 
16:06:33.387 [INFO ] ::getting the URL from the properties file :: The URL is ::https://www.myhealth.va.gov/mhv-portal-web/	 
16:06:48.393 [DEBUG] Executing: findElements [9919ee5f-8161-4542-9e5f-6d3fb092b40f, findElements {using=xpath, value=//div[@class='bea-portal-login-window-content']/div/h2}] 
16:06:48.443 [DEBUG] Executed: [9919ee5f-8161-4542-9e5f-6d3fb092b40f, findElements {using=xpath, value=//div[@class='bea-portal-login-window-content']/div/h2}] 
16:06:48.446 [DEBUG] Executing: getElementText [9919ee5f-8161-4542-9e5f-6d3fb092b40f, getElementText {id={48c4411c-1fec-400b-91e2-254d21b7a9af}}] 
16:06:48.468 [DEBUG] Executed: [9919ee5f-8161-4542-9e5f-6d3fb092b40f, getElementText {id={48c4411c-1fec-400b-91e2-254d21b7a9af}}] 
16:06:48.470 [INFO ] Test -- Verify the Member Login header text- expected: Member Login -- PASS 
16:06:49.471 [DEBUG] Executing: findElement [9919ee5f-8161-4542-9e5f-6d3fb092b40f, findElement {using=name, value=loginPortlet_homepage{actionForm.userName}}] 
16:06:49.504 [DEBUG] Executed: [9919ee5f-8161-4542-9e5f-6d3fb092b40f, findElement {using=name, value=loginPortlet_homepage{actionForm.userName}}] 
16:06:49.505 [DEBUG] Executing: clearElement [9919ee5f-8161-4542-9e5f-6d3fb092b40f, clearElement {id={fcdd57e2-3ced-4ab3-8c45-64d4440d95d7}}] 
16:06:49.535 [DEBUG] Executed: [9919ee5f-8161-4542-9e5f-6d3fb092b40f, clearElement {id={fcdd57e2-3ced-4ab3-8c45-64d4440d95d7}}] 
16:06:49.535 [DEBUG] Executing: findElement [9919ee5f-8161-4542-9e5f-6d3fb092b40f, findElement {using=name, value=loginPortlet_homepage{actionForm.userName}}] 
16:06:49.548 [DEBUG] Executed: [9919ee5f-8161-4542-9e5f-6d3fb092b40f, findElement {using=name, value=loginPortlet_homepage{actionForm.userName}}] 
16:06:49.549 [DEBUG] Executing: sendKeysToElement [9919ee5f-8161-4542-9e5f-6d3fb092b40f, sendKeysToElement {id={fcdd57e2-3ced-4ab3-8c45-64d4440d95d7}, value=[Ljava.lang.CharSequence;@b754b2}] 
16:06:49.588 [DEBUG] Executed: [9919ee5f-8161-4542-9e5f-6d3fb092b40f, sendKeysToElement {id={fcdd57e2-3ced-4ab3-8c45-64d4440d95d7}, value=[Ljava.lang.CharSequence;@b754b2}] 
16:06:49.588 [DEBUG] Executing: findElement [9919ee5f-8161-4542-9e5f-6d3fb092b40f, findElement {using=name, value=loginPortlet_homepage{actionForm.password}}] 
16:06:49.607 [DEBUG] Executed: [9919ee5f-8161-4542-9e5f-6d3fb092b40f, findElement {using=name, value=loginPortlet_homepage{actionForm.password}}] 
16:06:49.608 [DEBUG] Executing: clearElement [9919ee5f-8161-4542-9e5f-6d3fb092b40f, clearElement {id={728d4912-ac19-4090-b66e-b7ef76e4e82c}}] 
16:06:49.642 [DEBUG] Executed: [9919ee5f-8161-4542-9e5f-6d3fb092b40f, clearElement {id={728d4912-ac19-4090-b66e-b7ef76e4e82c}}] 
16:06:49.642 [DEBUG] Executing: findElement [9919ee5f-8161-4542-9e5f-6d3fb092b40f, findElement {using=name, value=loginPortlet_homepage{actionForm.password}}] 
16:06:49.657 [DEBUG] Executed: [9919ee5f-8161-4542-9e5f-6d3fb092b40f, findElement {using=name, value=loginPortlet_homepage{actionForm.password}}] 
16:06:49.657 [DEBUG] Executing: sendKeysToElement [9919ee5f-8161-4542-9e5f-6d3fb092b40f, sendKeysToElement {id={728d4912-ac19-4090-b66e-b7ef76e4e82c}, value=[Ljava.lang.CharSequence;@aeea66}] 
16:06:49.696 [DEBUG] Executed: [9919ee5f-8161-4542-9e5f-6d3fb092b40f, sendKeysToElement {id={728d4912-ac19-4090-b66e-b7ef76e4e82c}, value=[Ljava.lang.CharSequence;@aeea66}] 
16:06:49.697 [DEBUG] Executing: findElement [9919ee5f-8161-4542-9e5f-6d3fb092b40f, findElement {using=css selector, value=input.mhv-input-button}] 
16:06:49.712 [DEBUG] Executed: [9919ee5f-8161-4542-9e5f-6d3fb092b40f, findElement {using=css selector, value=input.mhv-input-button}] 
16:06:49.712 [DEBUG] Executing: clickElement [9919ee5f-8161-4542-9e5f-6d3fb092b40f, clickElement {id={b8234028-65ff-47d2-a2d7-9b00a2ba179a}}] 
16:06:52.174 [DEBUG] Executed: [9919ee5f-8161-4542-9e5f-6d3fb092b40f, clickElement {id={b8234028-65ff-47d2-a2d7-9b00a2ba179a}}] 
16:06:52.175 [INFO ] ::Logged in successful:: 
16:07:02.175 [INFO ] ::End of LoginLogout() method :: 
16:07:02.175 [DEBUG] Executing: findElement [9919ee5f-8161-4542-9e5f-6d3fb092b40f, findElement {using=link text, value=Logout}] 
16:07:02.587 [DEBUG] Executed: [9919ee5f-8161-4542-9e5f-6d3fb092b40f, findElement {using=link text, value=Logout}] 
16:07:02.587 [DEBUG] Executing: clickElement [9919ee5f-8161-4542-9e5f-6d3fb092b40f, clickElement {id={2c786172-dc07-4e7d-94dc-1f87778276eb}}] 
16:07:02.686 [DEBUG] Executed: [9919ee5f-8161-4542-9e5f-6d3fb092b40f, clickElement {id={2c786172-dc07-4e7d-94dc-1f87778276eb}}] 
16:07:02.687 [INFO ] ::The Logout button was clicked:: 
16:07:02.687 [DEBUG] Executing: quit [9919ee5f-8161-4542-9e5f-6d3fb092b40f, quit {}] 
16:07:02.701 [DEBUG] Executed: [9919ee5f-8161-4542-9e5f-6d3fb092b40f, quit {}] 
16:07:03.022 [INFO ] Test execution time: 33 secs 
