16:07:11.528 [INFO ] :: In Start of RunProfile() method 
16:07:11.529 [INFO ] **********Start open application************ 
16:07:11.530 [DEBUG] Executing: get [0b7ce34c-6196-41d8-959b-999d3123e830, get {url=https://www.myhealth.va.gov/mhv-portal-web/	}] 
16:07:17.111 [DEBUG] Executed: [0b7ce34c-6196-41d8-959b-999d3123e830, get {url=https://www.myhealth.va.gov/mhv-portal-web/	}] 
16:07:17.113 [INFO ] ::getting the URL from the properties file :: The URL is ::https://www.myhealth.va.gov/mhv-portal-web/	 
16:07:22.113 [DEBUG] Executing: findElements [0b7ce34c-6196-41d8-959b-999d3123e830, findElements {using=xpath, value=//div[@class='bea-portal-login-window-content']/div/h2}] 
16:07:22.168 [DEBUG] Executed: [0b7ce34c-6196-41d8-959b-999d3123e830, findElements {using=xpath, value=//div[@class='bea-portal-login-window-content']/div/h2}] 
16:07:22.169 [DEBUG] Executing: getElementText [0b7ce34c-6196-41d8-959b-999d3123e830, getElementText {id={22f8d9ca-e419-4cd9-a1b3-ae3970db42a2}}] 
16:07:22.196 [DEBUG] Executed: [0b7ce34c-6196-41d8-959b-999d3123e830, getElementText {id={22f8d9ca-e419-4cd9-a1b3-ae3970db42a2}}] 
16:07:22.196 [INFO ] Test -- Verify the Member Login header text- expected: Member Login -- PASS 
16:07:23.197 [DEBUG] Executing: findElement [0b7ce34c-6196-41d8-959b-999d3123e830, findElement {using=name, value=loginPortlet_homepage{actionForm.userName}}] 
16:07:23.227 [DEBUG] Executed: [0b7ce34c-6196-41d8-959b-999d3123e830, findElement {using=name, value=loginPortlet_homepage{actionForm.userName}}] 
16:07:23.227 [DEBUG] Executing: clearElement [0b7ce34c-6196-41d8-959b-999d3123e830, clearElement {id={ddb053a4-1835-485d-8e44-fd65bbf06bae}}] 
16:07:23.266 [DEBUG] Executed: [0b7ce34c-6196-41d8-959b-999d3123e830, clearElement {id={ddb053a4-1835-485d-8e44-fd65bbf06bae}}] 
16:07:23.267 [DEBUG] Executing: findElement [0b7ce34c-6196-41d8-959b-999d3123e830, findElement {using=name, value=loginPortlet_homepage{actionForm.userName}}] 
16:07:23.278 [DEBUG] Executed: [0b7ce34c-6196-41d8-959b-999d3123e830, findElement {using=name, value=loginPortlet_homepage{actionForm.userName}}] 
16:07:23.278 [DEBUG] Executing: sendKeysToElement [0b7ce34c-6196-41d8-959b-999d3123e830, sendKeysToElement {id={ddb053a4-1835-485d-8e44-fd65bbf06bae}, value=[Ljava.lang.CharSequence;@269997}] 
16:07:23.324 [DEBUG] Executed: [0b7ce34c-6196-41d8-959b-999d3123e830, sendKeysToElement {id={ddb053a4-1835-485d-8e44-fd65bbf06bae}, value=[Ljava.lang.CharSequence;@269997}] 
16:07:23.324 [DEBUG] Executing: findElement [0b7ce34c-6196-41d8-959b-999d3123e830, findElement {using=name, value=loginPortlet_homepage{actionForm.password}}] 
16:07:23.338 [DEBUG] Executed: [0b7ce34c-6196-41d8-959b-999d3123e830, findElement {using=name, value=loginPortlet_homepage{actionForm.password}}] 
16:07:23.338 [DEBUG] Executing: clearElement [0b7ce34c-6196-41d8-959b-999d3123e830, clearElement {id={dce24909-1194-4556-a9ce-41fef2ce2ae2}}] 
16:07:23.383 [DEBUG] Executed: [0b7ce34c-6196-41d8-959b-999d3123e830, clearElement {id={dce24909-1194-4556-a9ce-41fef2ce2ae2}}] 
16:07:23.383 [DEBUG] Executing: findElement [0b7ce34c-6196-41d8-959b-999d3123e830, findElement {using=name, value=loginPortlet_homepage{actionForm.password}}] 
16:07:23.395 [DEBUG] Executed: [0b7ce34c-6196-41d8-959b-999d3123e830, findElement {using=name, value=loginPortlet_homepage{actionForm.password}}] 
16:07:23.395 [DEBUG] Executing: sendKeysToElement [0b7ce34c-6196-41d8-959b-999d3123e830, sendKeysToElement {id={dce24909-1194-4556-a9ce-41fef2ce2ae2}, value=[Ljava.lang.CharSequence;@61736e}] 
16:07:23.445 [DEBUG] Executed: [0b7ce34c-6196-41d8-959b-999d3123e830, sendKeysToElement {id={dce24909-1194-4556-a9ce-41fef2ce2ae2}, value=[Ljava.lang.CharSequence;@61736e}] 
16:07:23.445 [DEBUG] Executing: findElement [0b7ce34c-6196-41d8-959b-999d3123e830, findElement {using=css selector, value=input.mhv-input-button}] 
16:07:23.464 [DEBUG] Executed: [0b7ce34c-6196-41d8-959b-999d3123e830, findElement {using=css selector, value=input.mhv-input-button}] 
16:07:23.465 [DEBUG] Executing: clickElement [0b7ce34c-6196-41d8-959b-999d3123e830, clickElement {id={92d5e270-353f-41cb-ad79-f194a8d4e4ff}}] 
16:07:25.765 [DEBUG] Executed: [0b7ce34c-6196-41d8-959b-999d3123e830, clickElement {id={92d5e270-353f-41cb-ad79-f194a8d4e4ff}}] 
16:07:30.765 [DEBUG] Executing: findElement [0b7ce34c-6196-41d8-959b-999d3123e830, findElement {using=link text, value=PERSONAL INFORMATION}] 
16:07:30.846 [DEBUG] Executed: [0b7ce34c-6196-41d8-959b-999d3123e830, findElement {using=link text, value=PERSONAL INFORMATION}] 
16:07:30.846 [DEBUG] Executing: clickElement [0b7ce34c-6196-41d8-959b-999d3123e830, clickElement {id={4b917da8-dde6-4a9f-acbc-50b847ffead4}}] 
16:07:32.821 [DEBUG] Executed: [0b7ce34c-6196-41d8-959b-999d3123e830, clickElement {id={4b917da8-dde6-4a9f-acbc-50b847ffead4}}] 
16:07:37.822 [DEBUG] Executing: findElement [0b7ce34c-6196-41d8-959b-999d3123e830, findElement {using=link text, value=My Profile}] 
16:07:37.938 [DEBUG] Executed: [0b7ce34c-6196-41d8-959b-999d3123e830, findElement {using=link text, value=My Profile}] 
16:07:37.938 [DEBUG] Executing: clickElement [0b7ce34c-6196-41d8-959b-999d3123e830, clickElement {id={bd0400ef-55f7-489f-bafe-a932054f2574}}] 
16:07:38.040 [DEBUG] Executed: [0b7ce34c-6196-41d8-959b-999d3123e830, clickElement {id={bd0400ef-55f7-489f-bafe-a932054f2574}}] 
16:07:43.041 [DEBUG] Executing: findElements [0b7ce34c-6196-41d8-959b-999d3123e830, findElements {using=xpath, value=//div[@class='mhv-portlet-title']/h2}] 
16:07:43.073 [DEBUG] Executed: [0b7ce34c-6196-41d8-959b-999d3123e830, findElements {using=xpath, value=//div[@class='mhv-portlet-title']/h2}] 
16:07:43.073 [DEBUG] Executing: getElementText [0b7ce34c-6196-41d8-959b-999d3123e830, getElementText {id={1cacd7a1-632d-4b7f-a209-ffb9138b468d}}] 
16:07:43.101 [DEBUG] Executed: [0b7ce34c-6196-41d8-959b-999d3123e830, getElementText {id={1cacd7a1-632d-4b7f-a209-ffb9138b468d}}] 
16:07:43.101 [INFO ] Test -- Verify the Update Profile header label text- expected: Update Profile Information -- PASS 
16:07:44.101 [DEBUG] Executing: findElement [0b7ce34c-6196-41d8-959b-999d3123e830, findElement {using=id, value=street1}] 
16:07:44.129 [DEBUG] Executed: [0b7ce34c-6196-41d8-959b-999d3123e830, findElement {using=id, value=street1}] 
16:07:44.129 [DEBUG] Executing: clearElement [0b7ce34c-6196-41d8-959b-999d3123e830, clearElement {id={533b2fe7-5963-4f00-a7fc-3b37e8207801}}] 
16:07:44.188 [DEBUG] Executed: [0b7ce34c-6196-41d8-959b-999d3123e830, clearElement {id={533b2fe7-5963-4f00-a7fc-3b37e8207801}}] 
16:07:44.189 [DEBUG] Executing: findElement [0b7ce34c-6196-41d8-959b-999d3123e830, findElement {using=id, value=street1}] 
16:07:44.198 [DEBUG] Executed: [0b7ce34c-6196-41d8-959b-999d3123e830, findElement {using=id, value=street1}] 
16:07:44.199 [DEBUG] Executing: sendKeysToElement [0b7ce34c-6196-41d8-959b-999d3123e830, sendKeysToElement {id={533b2fe7-5963-4f00-a7fc-3b37e8207801}, value=[Ljava.lang.CharSequence;@1d3cdaa}] 
16:07:44.248 [DEBUG] Executed: [0b7ce34c-6196-41d8-959b-999d3123e830, sendKeysToElement {id={533b2fe7-5963-4f00-a7fc-3b37e8207801}, value=[Ljava.lang.CharSequence;@1d3cdaa}] 
16:07:44.248 [DEBUG] Executing: findElement [0b7ce34c-6196-41d8-959b-999d3123e830, findElement {using=id, value=city}] 
16:07:44.262 [DEBUG] Executed: [0b7ce34c-6196-41d8-959b-999d3123e830, findElement {using=id, value=city}] 
16:07:44.263 [DEBUG] Executing: clearElement [0b7ce34c-6196-41d8-959b-999d3123e830, clearElement {id={b3100570-9786-4b1c-b534-12afdfb66f45}}] 
16:07:44.319 [DEBUG] Executed: [0b7ce34c-6196-41d8-959b-999d3123e830, clearElement {id={b3100570-9786-4b1c-b534-12afdfb66f45}}] 
16:07:44.319 [DEBUG] Executing: findElement [0b7ce34c-6196-41d8-959b-999d3123e830, findElement {using=id, value=city}] 
16:07:44.330 [DEBUG] Executed: [0b7ce34c-6196-41d8-959b-999d3123e830, findElement {using=id, value=city}] 
16:07:44.331 [DEBUG] Executing: sendKeysToElement [0b7ce34c-6196-41d8-959b-999d3123e830, sendKeysToElement {id={b3100570-9786-4b1c-b534-12afdfb66f45}, value=[Ljava.lang.CharSequence;@16dfa45}] 
16:07:44.375 [DEBUG] Executed: [0b7ce34c-6196-41d8-959b-999d3123e830, sendKeysToElement {id={b3100570-9786-4b1c-b534-12afdfb66f45}, value=[Ljava.lang.CharSequence;@16dfa45}] 
16:07:44.375 [DEBUG] Executing: findElement [0b7ce34c-6196-41d8-959b-999d3123e830, findElement {using=id, value=postalCode}] 
16:07:44.388 [DEBUG] Executed: [0b7ce34c-6196-41d8-959b-999d3123e830, findElement {using=id, value=postalCode}] 
16:07:44.388 [DEBUG] Executing: clearElement [0b7ce34c-6196-41d8-959b-999d3123e830, clearElement {id={b475c270-0f02-4600-bdcf-c53ebb00edd0}}] 
16:07:44.447 [DEBUG] Executed: [0b7ce34c-6196-41d8-959b-999d3123e830, clearElement {id={b475c270-0f02-4600-bdcf-c53ebb00edd0}}] 
16:07:44.447 [DEBUG] Executing: findElement [0b7ce34c-6196-41d8-959b-999d3123e830, findElement {using=id, value=postalCode}] 
16:07:44.461 [DEBUG] Executed: [0b7ce34c-6196-41d8-959b-999d3123e830, findElement {using=id, value=postalCode}] 
16:07:44.461 [DEBUG] Executing: sendKeysToElement [0b7ce34c-6196-41d8-959b-999d3123e830, sendKeysToElement {id={b475c270-0f02-4600-bdcf-c53ebb00edd0}, value=[Ljava.lang.CharSequence;@3a9bba}] 
16:07:44.501 [DEBUG] Executed: [0b7ce34c-6196-41d8-959b-999d3123e830, sendKeysToElement {id={b475c270-0f02-4600-bdcf-c53ebb00edd0}, value=[Ljava.lang.CharSequence;@3a9bba}] 
16:07:44.502 [DEBUG] Executing: findElement [0b7ce34c-6196-41d8-959b-999d3123e830, findElement {using=id, value=state}] 
16:07:44.512 [DEBUG] Executed: [0b7ce34c-6196-41d8-959b-999d3123e830, findElement {using=id, value=state}] 
16:07:44.512 [DEBUG] Executing: getElementTagName [0b7ce34c-6196-41d8-959b-999d3123e830, getElementTagName {id={dd115e42-d254-4287-9b48-c2925939a337}}] 
16:07:44.524 [DEBUG] Executed: [0b7ce34c-6196-41d8-959b-999d3123e830, getElementTagName {id={dd115e42-d254-4287-9b48-c2925939a337}}] 
16:07:44.524 [DEBUG] Executing: getElementAttribute [0b7ce34c-6196-41d8-959b-999d3123e830, getElementAttribute {id={dd115e42-d254-4287-9b48-c2925939a337}, name=multiple}] 
16:07:44.541 [DEBUG] Executed: [0b7ce34c-6196-41d8-959b-999d3123e830, getElementAttribute {id={dd115e42-d254-4287-9b48-c2925939a337}, name=multiple}] 
16:07:44.541 [DEBUG] Executing: findChildElements [0b7ce34c-6196-41d8-959b-999d3123e830, findChildElements {id={dd115e42-d254-4287-9b48-c2925939a337}, using=xpath, value=.//option[normalize-space(.) = "VA"]}] 
16:07:44.560 [DEBUG] Executed: [0b7ce34c-6196-41d8-959b-999d3123e830, findChildElements {id={dd115e42-d254-4287-9b48-c2925939a337}, using=xpath, value=.//option[normalize-space(.) = "VA"]}] 
16:07:44.560 [DEBUG] Executing: isElementSelected [0b7ce34c-6196-41d8-959b-999d3123e830, isElementSelected {id={bc9ba918-5814-4d85-aba1-93e4a5ecb9a1}}] 
16:07:44.573 [DEBUG] Executed: [0b7ce34c-6196-41d8-959b-999d3123e830, isElementSelected {id={bc9ba918-5814-4d85-aba1-93e4a5ecb9a1}}] 
16:07:44.573 [DEBUG] Executing: findElement [0b7ce34c-6196-41d8-959b-999d3123e830, findElement {using=css selector, value=input.mhv-input-button}] 
16:07:44.587 [DEBUG] Executed: [0b7ce34c-6196-41d8-959b-999d3123e830, findElement {using=css selector, value=input.mhv-input-button}] 
16:07:44.587 [DEBUG] Executing: clickElement [0b7ce34c-6196-41d8-959b-999d3123e830, clickElement {id={c648f019-d1e4-4c95-8c56-10cbe715698f}}] 
16:07:46.296 [DEBUG] Executed: [0b7ce34c-6196-41d8-959b-999d3123e830, clickElement {id={c648f019-d1e4-4c95-8c56-10cbe715698f}}] 
16:07:51.296 [DEBUG] Executing: findElement [0b7ce34c-6196-41d8-959b-999d3123e830, findElement {using=id, value=middleName}] 
16:07:51.330 [DEBUG] Executed: [0b7ce34c-6196-41d8-959b-999d3123e830, findElement {using=id, value=middleName}] 
16:07:51.330 [DEBUG] Executing: getElementText [0b7ce34c-6196-41d8-959b-999d3123e830, getElementText {id={defc939b-7c1f-4bc9-a6b4-7c2e86305731}}] 
16:07:51.360 [DEBUG] Executed: [0b7ce34c-6196-41d8-959b-999d3123e830, getElementText {id={defc939b-7c1f-4bc9-a6b4-7c2e86305731}}] 
16:07:51.361 [DEBUG] Executing: findElement [0b7ce34c-6196-41d8-959b-999d3123e830, findElement {using=name, value=manageUserProfile_profilesactionOverride:saveNoMiddleNameAction}] 
16:07:51.379 [DEBUG] Executed: [0b7ce34c-6196-41d8-959b-999d3123e830, findElement {using=name, value=manageUserProfile_profilesactionOverride:saveNoMiddleNameAction}] 
16:07:51.379 [DEBUG] Executing: clickElement [0b7ce34c-6196-41d8-959b-999d3123e830, clickElement {id={e388f368-3b35-46ab-b143-77b67c0245c9}}] 
16:07:54.106 [DEBUG] Executed: [0b7ce34c-6196-41d8-959b-999d3123e830, clickElement {id={e388f368-3b35-46ab-b143-77b67c0245c9}}] 
16:07:57.106 [DEBUG] Executing: findElements [0b7ce34c-6196-41d8-959b-999d3123e830, findElements {using=xpath, value=//div[@id='mhv-error-message-informational']}] 
16:07:57.139 [DEBUG] Executed: [0b7ce34c-6196-41d8-959b-999d3123e830, findElements {using=xpath, value=//div[@id='mhv-error-message-informational']}] 
16:07:57.139 [DEBUG] Executing: getElementText [0b7ce34c-6196-41d8-959b-999d3123e830, getElementText {id={f3abd5bd-d284-4434-b550-d502ce100728}}] 
16:07:57.171 [DEBUG] Executed: [0b7ce34c-6196-41d8-959b-999d3123e830, getElementText {id={f3abd5bd-d284-4434-b550-d502ce100728}}] 
16:07:57.172 [DEBUG] Executing: getElementText [0b7ce34c-6196-41d8-959b-999d3123e830, getElementText {id={d669779b-c79e-409c-a691-4a9a8a46fc9a}}] 
16:07:57.272 [DEBUG] Executed: [0b7ce34c-6196-41d8-959b-999d3123e830, getElementText {id={d669779b-c79e-409c-a691-4a9a8a46fc9a}}] 
16:07:57.272 [INFO ] Test -- Verify update success- expected: Your information has been successfully saved. -- PASS 
16:08:03.272 [DEBUG] Executing: findElement [0b7ce34c-6196-41d8-959b-999d3123e830, findElement {using=link text, value=Logout}] 
16:08:03.511 [DEBUG] Executed: [0b7ce34c-6196-41d8-959b-999d3123e830, findElement {using=link text, value=Logout}] 
16:08:03.511 [DEBUG] Executing: clickElement [0b7ce34c-6196-41d8-959b-999d3123e830, clickElement {id={6f2168e5-fe63-43f9-99fc-7df444af9d35}}] 
16:08:03.634 [DEBUG] Executed: [0b7ce34c-6196-41d8-959b-999d3123e830, clickElement {id={6f2168e5-fe63-43f9-99fc-7df444af9d35}}] 
16:08:03.634 [INFO ] ::The Logout button was clicked:: 
16:08:03.635 [DEBUG] Executing: quit [0b7ce34c-6196-41d8-959b-999d3123e830, quit {}] 
16:08:03.642 [DEBUG] Executed: [0b7ce34c-6196-41d8-959b-999d3123e830, quit {}] 
16:08:04.107 [INFO ] Test execution time: 52 secs 
